<?xml version="1.0" encoding="UTF-8"?>
<!-- Generated by org.testng.reporters.JUnitXMLReporter -->
<testsuite ignored="0" hostname="IT-PF2ZZQSP" failures="1" tests="3" name="Regression Tests" time="103.025" errors="0" timestamp="2022-05-29T18:14:03 EET">
  <testcase classname="commonFunctions.CutomizeTestNGCucmberRunner" name="runScenario" time="39.924"/>
  <testcase classname="commonFunctions.CutomizeTestNGCucmberRunner" name="runScenario" time="19.572">
    <failure type="java.lang.AssertionError" message="Element number 59 wrong result for search expected [true] but found [false]">
      <![CDATA[java.lang.AssertionError: Element number 59 wrong result for search expected [true] but found [false]
at pages.HomePage.getSearchResult(HomePage.java:62)
at stepDefinition.HomePageSteps.i_get_alist_of_matching_results(HomePageSteps.java:44)
at âœ½.I get a list of matching results(file:///C:/Users/shaimaashehata/Downloads/eclipse-workspace/ebay/src/test/resources/features/ebaySearch.feature:25)
... Removed 5 stack frames]]>
    </failure>
  </testcase> <!-- runScenario -->
  <testcase classname="commonFunctions.CutomizeTestNGCucmberRunner" name="runScenario" time="29.618"/>
</testsuite> <!-- Regression Tests -->
